<?xml version="1.0" encoding="UTF-8"?>
<!-- Generated by org.testng.reporters.JUnitReportReporter -->
<testsuite hostname="SCL466" failures="0" tests="2" name="mytest.Program1" time="26.317" errors="0" timestamp="2025-05-22T07:46:28 IST" skipped="0">
  <testcase classname="mytest.Program1" name="verifyLogo" time="18.566"/>
  <testcase classname="mytest.Program1" name="verifyTitle" time="7.751"/>
</testsuite> <!-- mytest.Program1 -->
